<?xml version="1.0" encoding="UTF-8"?>
<!-- Generated by org.testng.reporters.JUnitReportReporter -->
<testsuite hostname="LP000555" failures="0" tests="1" name="IOSTest" time="20.337" errors="1" timestamp="2024-01-09T12:31:14 IST" skipped="0">
  <testcase classname="IOSTest" name="FirstApplicationTest" time="20.337">
    <error message="An element could not be located on the page using the given search parameters. (WARNING: The server did not provide any stacktrace information)
Command duration or timeout: 0 milliseconds
For documentation on this error, please visit: http://seleniumhq.org/exceptions/no_such_element.html
Build info: version: &#039;3.5.3&#039;, revision: &#039;a88d25fe6b&#039;, time: &#039;2017-08-29T12:42:44.417Z&#039;
System info: host: &#039;LP000555&#039;, ip: &#039;10.99.105.83&#039;, os.name: &#039;Windows 10&#039;, os.arch: &#039;amd64&#039;, os.version: &#039;10.0&#039;, java.version: &#039;17.0.9&#039;
Driver info: io.appium.java_client.ios.IOSDriver
Capabilities [{browserstack.is_hub_canary=false, webkitResponseTimeout=20000, noReset=true, bundleID=com.browserstack.Sample-iOS, uiautomator2ServerLaunchTimeout=60000, deviceName=iPhone 15, platform=MAC, acceptSslCerts=false, detected_language=Apache-HttpClient/4.5.3 (Java/17.0.9), newCommandTimeout=0, webStorageEnabled=false, acceptSslCert=false, automationName=XCUITest, browserName=, takesScreenshot=true, wdaStartupRetries=3, javascriptEnabled=true, udid=00008120-001460211A90A01E, platformName=MAC, 64bit=false, networkConnectionEnabled=false, orientation=PORTRAIT, buildName=My First ios Build, capabilities={browserstack.is_hub_canary=false, webkitResponseTimeout=20000, noReset=true, bundleID=com.browserstack.Sample-iOS, uiautomator2ServerLaunchTimeout=60000, deviceName=iPhone 15, platform=MAC, acceptSslCerts=false, detected_language=Apache-HttpClient/4.5.3 (Java/17.0.9), newCommandTimeout=0, webStorageEnabled=false, acceptSslCert=false, automationName=XCUITest, browserName=, takesScreenshot=true, wdaStartupRetries=3, javascriptEnabled=true, udid=00008120-001460211A90A01E, platformName=iOS, 64bit=false, networkConnectionEnabled=false, orientation=PORTRAIT, buildName=My First ios Build, browserstack.minOSVersion=9.0, sessionName=ios Sample Test, browserstack.appium_version=1.21.0, bundleId=com.browserstack.Sample-iOS, mobile={browser=mobile, version=iPhone 15-17.1}, biometricUserOptionAccessible=false, sessionId=dccb5e8aaaac4eafd28ea1293c667d7ec77058ca, databaseEnabled=false, new_bucketing=true, version=, waitForQuiescence=false, bootstrapPath=/usr/local/.browserstack/config/wda_derived_data_00008120-001460211A90A01E/Build/Products, browserstack.isTargetBased=false, useXctestrunFile=true, safariIgnoreFraudWarning=true, orig_os=ios, realMobile=true, locationContextEnabled=false, deviceOrientation=PORTRAIT, projectName=My First ios Project, wda_port=8401, device=iphone, custom_replay_kit_params={&quot;rotation&quot;:&quot;false&quot;,&quot;captureWidth&quot;:&quot;380&quot;,&quot;captureHeight&quot;:&quot;824&quot;,&quot;bitRate&quot;:&quot;600000&quot;}, safariInitialUrl=http://mobile-internet-check.browserstack.com}, browserstack.minOSVersion=9.0, sessionName=ios Sample Test, browserstack.appium_version=1.21.0, bundleId=com.browserstack.Sample-iOS, mobile={browser=mobile, version=iPhone 15-17.1}, biometricUserOptionAccessible=false, sessionId=dccb5e8aaaac4eafd28ea1293c667d7ec77058ca, databaseEnabled=false, new_bucketing=true, version=, waitForQuiescence=false, bootstrapPath=/usr/local/.browserstack/config/wda_derived_data_00008120-001460211A90A01E/Build/Products, browserstack.isTargetBased=false, useXctestrunFile=true, safariIgnoreFraudWarning=true, orig_os=ios, realMobile=true, locationContextEnabled=false, deviceOrientation=PORTRAIT, projectName=My First ios Project, wda_port=8401, device=iphone, custom_replay_kit_params={&quot;rotation&quot;:&quot;false&quot;,&quot;captureWidth&quot;:&quot;380&quot;,&quot;captureHeight&quot;:&quot;824&quot;,&quot;bitRate&quot;:&quot;600000&quot;}, safariInitialUrl=http://mobile-internet-check.browserstack.com}]
Session ID: dccb5e8aaaac4eafd28ea1293c667d7ec77058ca
*** Element info: {Using=id, value=APjFqb}" type="org.openqa.selenium.NoSuchElementException">
      <![CDATA[org.openqa.selenium.NoSuchElementException: An element could not be located on the page using the given search parameters. (WARNING: The server did not provide any stacktrace information)
Command duration or timeout: 0 milliseconds
For documentation on this error, please visit: http://seleniumhq.org/exceptions/no_such_element.html
Build info: version: '3.5.3', revision: 'a88d25fe6b', time: '2017-08-29T12:42:44.417Z'
System info: host: 'LP000555', ip: '10.99.105.83', os.name: 'Windows 10', os.arch: 'amd64', os.version: '10.0', java.version: '17.0.9'
Driver info: io.appium.java_client.ios.IOSDriver
Capabilities [{browserstack.is_hub_canary=false, webkitResponseTimeout=20000, noReset=true, bundleID=com.browserstack.Sample-iOS, uiautomator2ServerLaunchTimeout=60000, deviceName=iPhone 15, platform=MAC, acceptSslCerts=false, detected_language=Apache-HttpClient/4.5.3 (Java/17.0.9), newCommandTimeout=0, webStorageEnabled=false, acceptSslCert=false, automationName=XCUITest, browserName=, takesScreenshot=true, wdaStartupRetries=3, javascriptEnabled=true, udid=00008120-001460211A90A01E, platformName=MAC, 64bit=false, networkConnectionEnabled=false, orientation=PORTRAIT, buildName=My First ios Build, capabilities={browserstack.is_hub_canary=false, webkitResponseTimeout=20000, noReset=true, bundleID=com.browserstack.Sample-iOS, uiautomator2ServerLaunchTimeout=60000, deviceName=iPhone 15, platform=MAC, acceptSslCerts=false, detected_language=Apache-HttpClient/4.5.3 (Java/17.0.9), newCommandTimeout=0, webStorageEnabled=false, acceptSslCert=false, automationName=XCUITest, browserName=, takesScreenshot=true, wdaStartupRetries=3, javascriptEnabled=true, udid=00008120-001460211A90A01E, platformName=iOS, 64bit=false, networkConnectionEnabled=false, orientation=PORTRAIT, buildName=My First ios Build, browserstack.minOSVersion=9.0, sessionName=ios Sample Test, browserstack.appium_version=1.21.0, bundleId=com.browserstack.Sample-iOS, mobile={browser=mobile, version=iPhone 15-17.1}, biometricUserOptionAccessible=false, sessionId=dccb5e8aaaac4eafd28ea1293c667d7ec77058ca, databaseEnabled=false, new_bucketing=true, version=, waitForQuiescence=false, bootstrapPath=/usr/local/.browserstack/config/wda_derived_data_00008120-001460211A90A01E/Build/Products, browserstack.isTargetBased=false, useXctestrunFile=true, safariIgnoreFraudWarning=true, orig_os=ios, realMobile=true, locationContextEnabled=false, deviceOrientation=PORTRAIT, projectName=My First ios Project, wda_port=8401, device=iphone, custom_replay_kit_params={"rotation":"false","captureWidth":"380","captureHeight":"824","bitRate":"600000"}, safariInitialUrl=http://mobile-internet-check.browserstack.com}, browserstack.minOSVersion=9.0, sessionName=ios Sample Test, browserstack.appium_version=1.21.0, bundleId=com.browserstack.Sample-iOS, mobile={browser=mobile, version=iPhone 15-17.1}, biometricUserOptionAccessible=false, sessionId=dccb5e8aaaac4eafd28ea1293c667d7ec77058ca, databaseEnabled=false, new_bucketing=true, version=, waitForQuiescence=false, bootstrapPath=/usr/local/.browserstack/config/wda_derived_data_00008120-001460211A90A01E/Build/Products, browserstack.isTargetBased=false, useXctestrunFile=true, safariIgnoreFraudWarning=true, orig_os=ios, realMobile=true, locationContextEnabled=false, deviceOrientation=PORTRAIT, projectName=My First ios Project, wda_port=8401, device=iphone, custom_replay_kit_params={"rotation":"false","captureWidth":"380","captureHeight":"824","bitRate":"600000"}, safariInitialUrl=http://mobile-internet-check.browserstack.com}]
Session ID: dccb5e8aaaac4eafd28ea1293c667d7ec77058ca
*** Element info: {Using=id, value=APjFqb}
at java.base/jdk.internal.reflect.NativeConstructorAccessorImpl.newInstance0(Native Method)
at java.base/jdk.internal.reflect.NativeConstructorAccessorImpl.newInstance(NativeConstructorAccessorImpl.java:77)
at java.base/jdk.internal.reflect.DelegatingConstructorAccessorImpl.newInstance(DelegatingConstructorAccessorImpl.java:45)
at java.base/java.lang.reflect.Constructor.newInstanceWithCaller(Constructor.java:499)
at java.base/java.lang.reflect.Constructor.newInstance(Constructor.java:480)
at org.openqa.selenium.remote.ErrorHandler.createThrowable(ErrorHandler.java:215)
at org.openqa.selenium.remote.ErrorHandler.throwIfResponseFailed(ErrorHandler.java:167)
at org.openqa.selenium.remote.http.JsonHttpResponseCodec.reconstructValue(JsonHttpResponseCodec.java:40)
at org.openqa.selenium.remote.http.AbstractHttpResponseCodec.decode(AbstractHttpResponseCodec.java:82)
at org.openqa.selenium.remote.http.AbstractHttpResponseCodec.decode(AbstractHttpResponseCodec.java:45)
at org.openqa.selenium.remote.HttpCommandExecutor.execute(HttpCommandExecutor.java:164)
at io.appium.java_client.remote.AppiumCommandExecutor.execute(AppiumCommandExecutor.java:89)
at org.openqa.selenium.remote.RemoteWebDriver.execute(RemoteWebDriver.java:646)
at io.appium.java_client.DefaultGenericMobileDriver.execute(DefaultGenericMobileDriver.java:42)
at io.appium.java_client.AppiumDriver.execute(AppiumDriver.java:1)
at io.appium.java_client.ios.IOSDriver.execute(IOSDriver.java:1)
at org.openqa.selenium.remote.RemoteWebDriver.findElement(RemoteWebDriver.java:416)
at io.appium.java_client.DefaultGenericMobileDriver.findElement(DefaultGenericMobileDriver.java:62)
at io.appium.java_client.AppiumDriver.findElement(AppiumDriver.java:1)
at io.appium.java_client.ios.IOSDriver.findElement(IOSDriver.java:1)
at org.openqa.selenium.remote.RemoteWebDriver.findElementById(RemoteWebDriver.java:462)
at io.appium.java_client.DefaultGenericMobileDriver.findElementById(DefaultGenericMobileDriver.java:70)
at io.appium.java_client.AppiumDriver.findElementById(AppiumDriver.java:1)
at io.appium.java_client.ios.IOSDriver.findElementById(IOSDriver.java:1)
at org.openqa.selenium.By$ById.findElement(By.java:218)
at org.openqa.selenium.remote.RemoteWebDriver.findElement(RemoteWebDriver.java:408)
at io.appium.java_client.DefaultGenericMobileDriver.findElement(DefaultGenericMobileDriver.java:58)
at io.appium.java_client.AppiumDriver.findElement(AppiumDriver.java:1)
at io.appium.java_client.ios.IOSDriver.findElement(IOSDriver.java:1)
at IOSTest.FirstApplicationTest(IOSTest.java:32)
at java.base/jdk.internal.reflect.NativeMethodAccessorImpl.invoke0(Native Method)
at java.base/jdk.internal.reflect.NativeMethodAccessorImpl.invoke(NativeMethodAccessorImpl.java:77)
at java.base/jdk.internal.reflect.DelegatingMethodAccessorImpl.invoke(DelegatingMethodAccessorImpl.java:43)
at java.base/java.lang.reflect.Method.invoke(Method.java:568)
at org.testng.internal.invokers.MethodInvocationHelper.invokeMethod(MethodInvocationHelper.java:139)
at org.testng.internal.invokers.TestInvoker.invokeMethod(TestInvoker.java:664)
at org.testng.internal.invokers.TestInvoker.invokeTestMethod(TestInvoker.java:228)
at org.testng.internal.invokers.MethodRunner.runInSequence(MethodRunner.java:63)
at org.testng.internal.invokers.TestInvoker$MethodInvocationAgent.invoke(TestInvoker.java:961)
at org.testng.internal.invokers.TestInvoker.invokeTestMethods(TestInvoker.java:201)
at org.testng.internal.invokers.TestMethodWorker.invokeTestMethods(TestMethodWorker.java:148)
at org.testng.internal.invokers.TestMethodWorker.run(TestMethodWorker.java:128)
at java.base/java.util.ArrayList.forEach(ArrayList.java:1511)
at org.testng.TestRunner.privateRun(TestRunner.java:819)
at org.testng.TestRunner.run(TestRunner.java:619)
at org.testng.SuiteRunner.runTest(SuiteRunner.java:443)
at org.testng.SuiteRunner.runSequentially(SuiteRunner.java:437)
at org.testng.SuiteRunner.privateRun(SuiteRunner.java:397)
at org.testng.SuiteRunner.run(SuiteRunner.java:336)
at org.testng.SuiteRunnerWorker.runSuite(SuiteRunnerWorker.java:52)
at org.testng.SuiteRunnerWorker.run(SuiteRunnerWorker.java:95)
at org.testng.TestNG.runSuitesSequentially(TestNG.java:1301)
at org.testng.TestNG.runSuitesLocally(TestNG.java:1228)
at org.testng.TestNG.runSuites(TestNG.java:1134)
at org.testng.TestNG.run(TestNG.java:1101)
at org.testng.remote.AbstractRemoteTestNG.run(AbstractRemoteTestNG.java:115)
at org.testng.remote.RemoteTestNG.initAndRun(RemoteTestNG.java:251)
at org.testng.remote.RemoteTestNG.main(RemoteTestNG.java:77)
]]>
    </error>
  </testcase> <!-- FirstApplicationTest -->
</testsuite> <!-- IOSTest -->
