<html>
<head>
<title>TestNG:  Default test</title>
<link href="../testng.css" rel="stylesheet" type="text/css" />
<link href="../my-testng.css" rel="stylesheet" type="text/css" />

<style type="text/css">
.log { display: none;} 
.stack-trace { display: none;} 
</style>
<script type="text/javascript">
<!--
function flip(e) {
  current = e.style.display;
  if (current == 'block') {
    e.style.display = 'none';
    return 0;
  }
  else {
    e.style.display = 'block';
    return 1;
  }
}

function toggleBox(szDivId, elem, msg1, msg2)
{
  var res = -1;  if (document.getElementById) {
    res = flip(document.getElementById(szDivId));
  }
  else if (document.all) {
    // this is the way old msie versions work
    res = flip(document.all[szDivId]);
  }
  if(elem) {
    if(res == 0) elem.innerHTML = msg1; else elem.innerHTML = msg2;
  }

}

function toggleAllBoxes() {
  if (document.getElementsByTagName) {
    d = document.getElementsByTagName('div');
    for (i = 0; i < d.length; i++) {
      if (d[i].className == 'log') {
        flip(d[i]);
      }
    }
  }
}

// -->
</script>

</head>
<body>
<h2 align='center'>Default test</h2><table border='1' align="center">
<tr>
<td>Tests passed/Failed/Skipped:</td><td>0/1/0</td>
</tr><tr>
<td>Started on:</td><td>Tue Jan 09 13:00:17 IST 2024</td>
</tr>
<tr><td>Total time:</td><td>20 seconds (20691 ms)</td>
</tr><tr>
<td>Included groups:</td><td></td>
</tr><tr>
<td>Excluded groups:</td><td></td>
</tr>
</table><p/>
<small><i>(Hover the method name to see the test class name)</i></small><p/>
<table width='100%' border='1' class='invocation-failed'>
<tr><td colspan='4' align='center'><b>FAILED TESTS</b></td></tr>
<tr><td><b>Test method</b></td>
<td><b>Attribute(s)</b></td>
<td width="30%"><b>Exception</b></td>
<td width="10%"><b>Time (seconds)</b></td>
<td><b>Instance</b></td>
</tr>
<tr>
<td title='practice.IosTestChrome.f()'><b>f</b><br>Test class: practice.IosTestChrome</td>
<td><div><pre>org.openqa.selenium.WebDriverException: Appium error: An unknown server-side error occurred while processing the command. Original error: Url or Uri must start with &lt;scheme&gt;:// (WARNING: The server did not provide any stacktrace information)
Command duration or timeout: 0 milliseconds
Build info: version: &apos;3.5.3&apos;, revision: &apos;a88d25fe6b&apos;, time: &apos;2017-08-29T12:42:44.417Z&apos;
System info: host: &apos;LP000555&apos;, ip: &apos;10.99.105.83&apos;, os.name: &apos;Windows 10&apos;, os.arch: &apos;amd64&apos;, os.version: &apos;10.0&apos;, java.version: &apos;17.0.9&apos;
Driver info: io.appium.java_client.ios.IOSDriver
Capabilities [{browserstack.is_hub_canary=false, webkitResponseTimeout=20000, noReset=true, bundleID=com.browserstack.SampleLocalApp, uiautomator2ServerLaunchTimeout=60000, deviceName=iPhone 15, platform=MAC, acceptSslCerts=false, detected_language=Apache-HttpClient/4.5.3 (Java/17.0.9), newCommandTimeout=0, webStorageEnabled=false, acceptSslCert=false, automationName=XCUITest, browserName=, takesScreenshot=true, wdaStartupRetries=3, javascriptEnabled=true, udid=00008120-000A2D420AD2201E, platformName=MAC, 64bit=false, networkConnectionEnabled=false, orientation=PORTRAIT, buildName=Second build, capabilities={browserstack.is_hub_canary=false, webkitResponseTimeout=20000, noReset=true, bundleID=com.browserstack.SampleLocalApp, uiautomator2ServerLaunchTimeout=60000, deviceName=iPhone 15, platform=MAC, acceptSslCerts=false, detected_language=Apache-HttpClient/4.5.3 (Java/17.0.9), newCommandTimeout=0, webStorageEnabled=false, acceptSslCert=false, automationName=XCUITest, browserName=, takesScreenshot=true, wdaStartupRetries=3, javascriptEnabled=true, udid=00008120-000A2D420AD2201E, platformName=iOS, 64bit=false, networkConnectionEnabled=false, orientation=PORTRAIT, buildName=Second build, browserstack.minOSVersion=12.0, sessionName=ios sample testing, browserstack.appium_version=1.21.0, bundleId=com.browserstack.SampleLocalApp, mobile={browser=mobile, version=iPhone 15-17.1}, biometricUserOptionAccessible=false, sessionId=8d269a18c33420862dc42d3b84d1d34a512bade2, databaseEnabled=false, new_bucketing=true, version=, waitForQuiescence=false, bootstrapPath=/usr/local/.browserstack/config/wda_derived_data_00008120-000A2D420AD2201E/Build/Products, browserstack.isTargetBased=false, useXctestrunFile=true, safariIgnoreFraudWarning=true, orig_os=ios, realMobile=true, locationContextEnabled=false, deviceOrientation=PORTRAIT, projectName=Second project, wda_port=8401, device=iphone, custom_replay_kit_params={&quot;rotation&quot;:&quot;false&quot;,&quot;captureWidth&quot;:&quot;380&quot;,&quot;captureHeight&quot;:&quot;824&quot;,&quot;bitRate&quot;:&quot;600000&quot;}, safariInitialUrl=http://mobile-internet-check.browserstack.com}, browserstack.minOSVersion=12.0, sessionName=ios sample testing, browserstack.appium_version=1.21.0, bundleId=com.browserstack.SampleLocalApp, mobile={browser=mobile, version=iPhone 15-17.1}, biometricUserOptionAccessible=false, sessionId=8d269a18c33420862dc42d3b84d1d34a512bade2, databaseEnabled=false, new_bucketing=true, version=, waitForQuiescence=false, bootstrapPath=/usr/local/.browserstack/config/wda_derived_data_00008120-000A2D420AD2201E/Build/Products, browserstack.isTargetBased=false, useXctestrunFile=true, safariIgnoreFraudWarning=true, orig_os=ios, realMobile=true, locationContextEnabled=false, deviceOrientation=PORTRAIT, projectName=Second project, wda_port=8401, device=iphone, custom_replay_kit_params={&quot;rotation&quot;:&quot;false&quot;,&quot;captureWidth&quot;:&quot;380&quot;,&quot;captureHeight&quot;:&quot;824&quot;,&quot;bitRate&quot;:&quot;600000&quot;}, safariInitialUrl=http://mobile-internet-check.browserstack.com}]
Session ID: 8d269a18c33420862dc42d3b84d1d34a512bade2
	at java.base/jdk.internal.reflect.NativeConstructorAccessorImpl.newInstance0(Native Method)
	at java.base/jdk.internal.reflect.NativeConstructorAccessorImpl.newInstance(NativeConstructorAccessorImpl.java:77)
	at java.base/jdk.internal.reflect.DelegatingConstructorAccessorImpl.newInstance(DelegatingConstructorAccessorImpl.java:45)
	at java.base/java.lang.reflect.Constructor.newInstanceWithCaller(Constructor.java:499)
	at java.base/java.lang.reflect.Constructor.newInstance(Constructor.java:480)
	at org.openqa.selenium.remote.ErrorHandler.createThrowable(ErrorHandler.java:215)
	at org.openqa.selenium.remote.ErrorHandler.throwIfResponseFailed(ErrorHandler.java:167)
	at org.openqa.selenium.remote.http.JsonHttpResponseCodec.reconstructValue(JsonHttpResponseCodec.java:40)
	at org.openqa.selenium.remote.http.AbstractHttpResponseCodec.decode(AbstractHttpResponseCodec.java:82)
	at org.openqa.selenium.remote.http.AbstractHttpResponseCodec.decode(AbstractHttpResponseCodec.java:45)
	at org.openqa.selenium.remote.HttpCommandExecutor.execute(HttpCommandExecutor.java:164)
	at io.appium.java_client.remote.AppiumCommandExecutor.execute(AppiumCommandExecutor.java:89)
	at org.openqa.selenium.remote.RemoteWebDriver.execute(RemoteWebDriver.java:646)
	at io.appium.java_client.DefaultGenericMobileDriver.execute(DefaultGenericMobileDriver.java:42)
	at io.appium.java_client.AppiumDriver.execute(AppiumDriver.java:1)
	at io.appium.java_client.ios.IOSDriver.execute(IOSDriver.java:1)
	at org.openqa.selenium.remote.RemoteWebDriver.get(RemoteWebDriver.java:370)
	at practice.IosTestChrome.f(IosTestChrome.java:29)
	at java.base/jdk.internal.reflect.NativeMethodAccessorImpl.invoke0(Native Method)
	at java.base/jdk.internal.reflect.NativeMethodAccessorImpl.invoke(NativeMethodAccessorImpl.java:77)
	at java.base/jdk.internal.reflect.DelegatingMethodAccessorImpl.invoke(DelegatingMethodAccessorImpl.java:43)
	at java.base/java.lang.reflect.Method.invoke(Method.java:568)
	at org.testng.internal.invokers.MethodInvocationHelper.invokeMethod(MethodInvocationHelper.java:139)
	at org.testng.internal.invokers.TestInvoker.invokeMethod(TestInvoker.java:664)
	at org.testng.internal.invokers.TestInvoker.invokeTestMethod(TestInvoker.java:228)
	at org.testng.internal.invokers.MethodRunner.runInSequence(MethodRunner.java:63)
	at org.testng.internal.invokers.TestInvoker$MethodInvocationAgent.invoke(TestInvoker.java:961)
	at org.testng.internal.invokers.TestInvoker.invokeTestMethods(TestInvoker.java:201)
	at org.testng.internal.invokers.TestMethodWorker.invokeTestMethods(TestMethodWorker.java:148)
	at org.testng.internal.invokers.TestMethodWorker.run(TestMethodWorker.java:128)
	at java.base/java.util.ArrayList.forEach(ArrayList.java:1511)
	at org.testng.TestRunner.privateRun(TestRunner.java:819)
	at org.testng.TestRunner.run(TestRunner.java:619)
	at org.testng.SuiteRunner.runTest(SuiteRunner.java:443)
	at org.testng.SuiteRunner.runSequentially(SuiteRunner.java:437)
	at org.testng.SuiteRunner.privateRun(SuiteRunner.java:397)
	at org.testng.SuiteRunner.run(SuiteRunner.java:336)
	at org.testng.SuiteRunnerWorker.runSuite(SuiteRunnerWorker.java:52)
	at org.testng.SuiteRunnerWorker.run(SuiteRunnerWorker.java:95)
	at org.testng.TestNG.runSuitesSequentially(TestNG.java:1301)
	at org.testng.TestNG.runSuitesLocally(TestNG.java:1228)
	at org.testng.TestNG.runSuites(TestNG.java:1134)
	at org.testng.TestNG.run(TestNG.java:1101)
	at org.testng.remote.AbstractRemoteTestNG.run(AbstractRemoteTestNG.java:115)
	at org.testng.remote.RemoteTestNG.initAndRun(RemoteTestNG.java:251)
	at org.testng.remote.RemoteTestNG.main(RemoteTestNG.java:77)
</pre></div><a href='#' onClick='toggleBox("stack-trace1273895132", this, "Click to show all stack frames", "Click to hide stack frames")'>Click to show all stack frames</a>
<div class='stack-trace' id='stack-trace1273895132'><pre>org.openqa.selenium.WebDriverException: Appium error: An unknown server-side error occurred while processing the command. Original error: Url or Uri must start with &lt;scheme&gt;:// (WARNING: The server did not provide any stacktrace information)
Command duration or timeout: 0 milliseconds
Build info: version: &apos;3.5.3&apos;, revision: &apos;a88d25fe6b&apos;, time: &apos;2017-08-29T12:42:44.417Z&apos;
System info: host: &apos;LP000555&apos;, ip: &apos;10.99.105.83&apos;, os.name: &apos;Windows 10&apos;, os.arch: &apos;amd64&apos;, os.version: &apos;10.0&apos;, java.version: &apos;17.0.9&apos;
Driver info: io.appium.java_client.ios.IOSDriver
Capabilities [{browserstack.is_hub_canary=false, webkitResponseTimeout=20000, noReset=true, bundleID=com.browserstack.SampleLocalApp, uiautomator2ServerLaunchTimeout=60000, deviceName=iPhone 15, platform=MAC, acceptSslCerts=false, detected_language=Apache-HttpClient/4.5.3 (Java/17.0.9), newCommandTimeout=0, webStorageEnabled=false, acceptSslCert=false, automationName=XCUITest, browserName=, takesScreenshot=true, wdaStartupRetries=3, javascriptEnabled=true, udid=00008120-000A2D420AD2201E, platformName=MAC, 64bit=false, networkConnectionEnabled=false, orientation=PORTRAIT, buildName=Second build, capabilities={browserstack.is_hub_canary=false, webkitResponseTimeout=20000, noReset=true, bundleID=com.browserstack.SampleLocalApp, uiautomator2ServerLaunchTimeout=60000, deviceName=iPhone 15, platform=MAC, acceptSslCerts=false, detected_language=Apache-HttpClient/4.5.3 (Java/17.0.9), newCommandTimeout=0, webStorageEnabled=false, acceptSslCert=false, automationName=XCUITest, browserName=, takesScreenshot=true, wdaStartupRetries=3, javascriptEnabled=true, udid=00008120-000A2D420AD2201E, platformName=iOS, 64bit=false, networkConnectionEnabled=false, orientation=PORTRAIT, buildName=Second build, browserstack.minOSVersion=12.0, sessionName=ios sample testing, browserstack.appium_version=1.21.0, bundleId=com.browserstack.SampleLocalApp, mobile={browser=mobile, version=iPhone 15-17.1}, biometricUserOptionAccessible=false, sessionId=8d269a18c33420862dc42d3b84d1d34a512bade2, databaseEnabled=false, new_bucketing=true, version=, waitForQuiescence=false, bootstrapPath=/usr/local/.browserstack/config/wda_derived_data_00008120-000A2D420AD2201E/Build/Products, browserstack.isTargetBased=false, useXctestrunFile=true, safariIgnoreFraudWarning=true, orig_os=ios, realMobile=true, locationContextEnabled=false, deviceOrientation=PORTRAIT, projectName=Second project, wda_port=8401, device=iphone, custom_replay_kit_params={&quot;rotation&quot;:&quot;false&quot;,&quot;captureWidth&quot;:&quot;380&quot;,&quot;captureHeight&quot;:&quot;824&quot;,&quot;bitRate&quot;:&quot;600000&quot;}, safariInitialUrl=http://mobile-internet-check.browserstack.com}, browserstack.minOSVersion=12.0, sessionName=ios sample testing, browserstack.appium_version=1.21.0, bundleId=com.browserstack.SampleLocalApp, mobile={browser=mobile, version=iPhone 15-17.1}, biometricUserOptionAccessible=false, sessionId=8d269a18c33420862dc42d3b84d1d34a512bade2, databaseEnabled=false, new_bucketing=true, version=, waitForQuiescence=false, bootstrapPath=/usr/local/.browserstack/config/wda_derived_data_00008120-000A2D420AD2201E/Build/Products, browserstack.isTargetBased=false, useXctestrunFile=true, safariIgnoreFraudWarning=true, orig_os=ios, realMobile=true, locationContextEnabled=false, deviceOrientation=PORTRAIT, projectName=Second project, wda_port=8401, device=iphone, custom_replay_kit_params={&quot;rotation&quot;:&quot;false&quot;,&quot;captureWidth&quot;:&quot;380&quot;,&quot;captureHeight&quot;:&quot;824&quot;,&quot;bitRate&quot;:&quot;600000&quot;}, safariInitialUrl=http://mobile-internet-check.browserstack.com}]
Session ID: 8d269a18c33420862dc42d3b84d1d34a512bade2
	at java.base/jdk.internal.reflect.NativeConstructorAccessorImpl.newInstance0(Native Method)
	at java.base/jdk.internal.reflect.NativeConstructorAccessorImpl.newInstance(NativeConstructorAccessorImpl.java:77)
	at java.base/jdk.internal.reflect.DelegatingConstructorAccessorImpl.newInstance(DelegatingConstructorAccessorImpl.java:45)
	at java.base/java.lang.reflect.Constructor.newInstanceWithCaller(Constructor.java:499)
	at java.base/java.lang.reflect.Constructor.newInstance(Constructor.java:480)
	at org.openqa.selenium.remote.ErrorHandler.createThrowable(ErrorHandler.java:215)
	at org.openqa.selenium.remote.ErrorHandler.throwIfResponseFailed(ErrorHandler.java:167)
	at org.openqa.selenium.remote.http.JsonHttpResponseCodec.reconstructValue(JsonHttpResponseCodec.java:40)
	at org.openqa.selenium.remote.http.AbstractHttpResponseCodec.decode(AbstractHttpResponseCodec.java:82)
	at org.openqa.selenium.remote.http.AbstractHttpResponseCodec.decode(AbstractHttpResponseCodec.java:45)
	at org.openqa.selenium.remote.HttpCommandExecutor.execute(HttpCommandExecutor.java:164)
	at io.appium.java_client.remote.AppiumCommandExecutor.execute(AppiumCommandExecutor.java:89)
	at org.openqa.selenium.remote.RemoteWebDriver.execute(RemoteWebDriver.java:646)
	at io.appium.java_client.DefaultGenericMobileDriver.execute(DefaultGenericMobileDriver.java:42)
	at io.appium.java_client.AppiumDriver.execute(AppiumDriver.java:1)
	at io.appium.java_client.ios.IOSDriver.execute(IOSDriver.java:1)
	at org.openqa.selenium.remote.RemoteWebDriver.get(RemoteWebDriver.java:370)
	at practice.IosTestChrome.f(IosTestChrome.java:29)
	at java.base/jdk.internal.reflect.NativeMethodAccessorImpl.invoke0(Native Method)
	at java.base/jdk.internal.reflect.NativeMethodAccessorImpl.invoke(NativeMethodAccessorImpl.java:77)
	at java.base/jdk.internal.reflect.DelegatingMethodAccessorImpl.invoke(DelegatingMethodAccessorImpl.java:43)
	at java.base/java.lang.reflect.Method.invoke(Method.java:568)
	at org.testng.internal.invokers.MethodInvocationHelper.invokeMethod(MethodInvocationHelper.java:139)
	at org.testng.internal.invokers.TestInvoker.invokeMethod(TestInvoker.java:664)
	at org.testng.internal.invokers.TestInvoker.invokeTestMethod(TestInvoker.java:228)
	at org.testng.internal.invokers.MethodRunner.runInSequence(MethodRunner.java:63)
	at org.testng.internal.invokers.TestInvoker$MethodInvocationAgent.invoke(TestInvoker.java:961)
	at org.testng.internal.invokers.TestInvoker.invokeTestMethods(TestInvoker.java:201)
	at org.testng.internal.invokers.TestMethodWorker.invokeTestMethods(TestMethodWorker.java:148)
	at org.testng.internal.invokers.TestMethodWorker.run(TestMethodWorker.java:128)
	at java.base/java.util.ArrayList.forEach(ArrayList.java:1511)
	at org.testng.TestRunner.privateRun(TestRunner.java:819)
	at org.testng.TestRunner.run(TestRunner.java:619)
	at org.testng.SuiteRunner.runTest(SuiteRunner.java:443)
	at org.testng.SuiteRunner.runSequentially(SuiteRunner.java:437)
	at org.testng.SuiteRunner.privateRun(SuiteRunner.java:397)
	at org.testng.SuiteRunner.run(SuiteRunner.java:336)
	at org.testng.SuiteRunnerWorker.runSuite(SuiteRunnerWorker.java:52)
	at org.testng.SuiteRunnerWorker.run(SuiteRunnerWorker.java:95)
	at org.testng.TestNG.runSuitesSequentially(TestNG.java:1301)
	at org.testng.TestNG.runSuitesLocally(TestNG.java:1228)
	at org.testng.TestNG.runSuites(TestNG.java:1134)
	at org.testng.TestNG.run(TestNG.java:1101)
	at org.testng.remote.AbstractRemoteTestNG.run(AbstractRemoteTestNG.java:115)
	at org.testng.remote.RemoteTestNG.initAndRun(RemoteTestNG.java:251)
	at org.testng.remote.RemoteTestNG.main(RemoteTestNG.java:77)
</pre></div></td>
<td>20</td>
<td>practice.IosTestChrome@33ecda92</td></tr>
</table><p>
</body>
</html>